#! /c/Source/iverilog-install/bin/vvp
:ivl_version "12.0 (devel)" "(s20150603-1110-g18392a46)";
:ivl_delay_selection "TYPICAL";
:vpi_time_precision + 0;
:vpi_module "C:\iverilog\lib\ivl\system.vpi";
:vpi_module "C:\iverilog\lib\ivl\vhdl_sys.vpi";
:vpi_module "C:\iverilog\lib\ivl\vhdl_textio.vpi";
:vpi_module "C:\iverilog\lib\ivl\v2005_math.vpi";
:vpi_module "C:\iverilog\lib\ivl\va_math.vpi";
S_000001bab0252e30 .scope module, "debounce" "debounce" 2 1;
 .timescale 0 0;
    .port_info 0 /INPUT 1 "clk";
    .port_info 1 /INPUT 1 "reset";
    .port_info 2 /INPUT 1 "sw";
    .port_info 3 /OUTPUT 1 "db_level";
    .port_info 4 /OUTPUT 1 "db_tick";
P_000001bab0252fc0 .param/l "N" 1 2 16, +C4<00000000000000000000000000010110>;
P_000001bab0252ff8 .param/l "one" 1 2 12, C4<10>;
P_000001bab0253030 .param/l "wait0" 1 2 11, C4<01>;
P_000001bab0253068 .param/l "wait1" 1 2 13, C4<11>;
P_000001bab02530a0 .param/l "zero" 1 2 10, C4<00>;
o000001bab028bfd8 .functor BUFZ 1, C4<z>; HiZ drive
v000001bab02530e0_0 .net "clk", 0 0, o000001bab028bfd8;  0 drivers
v000001bab0253180_0 .var "db_level", 0 0;
v000001bab03ec440_0 .var "db_tick", 0 0;
v000001bab03ec4e0_0 .var "q_next", 21 0;
v000001bab03ec580_0 .var "q_reg", 21 0;
o000001bab028c0c8 .functor BUFZ 1, C4<z>; HiZ drive
v000001bab02ce840_0 .net "reset", 0 0, o000001bab028c0c8;  0 drivers
v000001bab02ce8e0_0 .var "state_next", 1 0;
v000001bab02ce980_0 .var "state_reg", 1 0;
o000001bab028c158 .functor BUFZ 1, C4<z>; HiZ drive
v000001bab02cea20_0 .net "sw", 0 0, o000001bab028c158;  0 drivers
E_000001bab028a0f0 .event anyedge, v000001bab02ce980_0, v000001bab03ec580_0, v000001bab02cea20_0, v000001bab03ec4e0_0;
E_000001bab028a230 .event posedge, v000001bab02ce840_0, v000001bab02530e0_0;
    .scope S_000001bab0252e30;
T_0 ;
    %wait E_000001bab028a230;
    %load/vec4 v000001bab02ce840_0;
    %flag_set/vec4 8;
    %jmp/0xz  T_0.0, 8;
    %pushi/vec4 0, 0, 2;
    %assign/vec4 v000001bab02ce980_0, 0;
    %pushi/vec4 0, 0, 22;
    %assign/vec4 v000001bab03ec580_0, 0;
    %jmp T_0.1;
T_0.0 ;
    %load/vec4 v000001bab02ce8e0_0;
    %assign/vec4 v000001bab02ce980_0, 0;
    %load/vec4 v000001bab03ec4e0_0;
    %assign/vec4 v000001bab03ec580_0, 0;
T_0.1 ;
    %jmp T_0;
    .thread T_0;
    .scope S_000001bab0252e30;
T_1 ;
    %wait E_000001bab028a0f0;
    %load/vec4 v000001bab02ce980_0;
    %store/vec4 v000001bab02ce8e0_0, 0, 2;
    %load/vec4 v000001bab03ec580_0;
    %store/vec4 v000001bab03ec4e0_0, 0, 22;
    %pushi/vec4 0, 0, 1;
    %store/vec4 v000001bab03ec440_0, 0, 1;
    %load/vec4 v000001bab02ce980_0;
    %dup/vec4;
    %pushi/vec4 0, 0, 2;
    %cmp/u;
    %jmp/1 T_1.0, 6;
    %dup/vec4;
    %pushi/vec4 3, 0, 2;
    %cmp/u;
    %jmp/1 T_1.1, 6;
    %dup/vec4;
    %pushi/vec4 2, 0, 2;
    %cmp/u;
    %jmp/1 T_1.2, 6;
    %dup/vec4;
    %pushi/vec4 1, 0, 2;
    %cmp/u;
    %jmp/1 T_1.3, 6;
    %pushi/vec4 0, 0, 2;
    %store/vec4 v000001bab02ce8e0_0, 0, 2;
    %jmp T_1.5;
T_1.0 ;
    %pushi/vec4 0, 0, 1;
    %store/vec4 v000001bab0253180_0, 0, 1;
    %load/vec4 v000001bab02cea20_0;
    %flag_set/vec4 8;
    %jmp/0xz  T_1.6, 8;
    %pushi/vec4 3, 0, 2;
    %store/vec4 v000001bab02ce8e0_0, 0, 2;
    %pushi/vec4 4194303, 0, 22;
    %store/vec4 v000001bab03ec4e0_0, 0, 22;
T_1.6 ;
    %jmp T_1.5;
T_1.1 ;
    %pushi/vec4 0, 0, 1;
    %store/vec4 v000001bab0253180_0, 0, 1;
    %load/vec4 v000001bab02cea20_0;
    %flag_set/vec4 8;
    %jmp/0xz  T_1.8, 8;
    %load/vec4 v000001bab03ec580_0;
    %subi 1, 0, 22;
    %store/vec4 v000001bab03ec4e0_0, 0, 22;
    %load/vec4 v000001bab03ec4e0_0;
    %pad/u 32;
    %cmpi/e 0, 0, 32;
    %jmp/0xz  T_1.10, 4;
    %pushi/vec4 2, 0, 2;
    %store/vec4 v000001bab02ce8e0_0, 0, 2;
    %pushi/vec4 1, 0, 1;
    %store/vec4 v000001bab03ec440_0, 0, 1;
T_1.10 ;
    %jmp T_1.9;
T_1.8 ;
    %pushi/vec4 0, 0, 2;
    %store/vec4 v000001bab02ce8e0_0, 0, 2;
T_1.9 ;
    %jmp T_1.5;
T_1.2 ;
    %pushi/vec4 1, 0, 1;
    %store/vec4 v000001bab0253180_0, 0, 1;
    %load/vec4 v000001bab02cea20_0;
    %inv;
    %flag_set/vec4 8;
    %jmp/0xz  T_1.12, 8;
    %pushi/vec4 1, 0, 2;
    %store/vec4 v000001bab02ce8e0_0, 0, 2;
    %pushi/vec4 4194303, 0, 22;
    %store/vec4 v000001bab03ec4e0_0, 0, 22;
T_1.12 ;
    %jmp T_1.5;
T_1.3 ;
    %pushi/vec4 1, 0, 1;
    %store/vec4 v000001bab0253180_0, 0, 1;
    %load/vec4 v000001bab02cea20_0;
    %inv;
    %flag_set/vec4 8;
    %jmp/0xz  T_1.14, 8;
    %load/vec4 v000001bab03ec580_0;
    %subi 1, 0, 22;
    %store/vec4 v000001bab03ec4e0_0, 0, 22;
    %load/vec4 v000001bab03ec4e0_0;
    %pad/u 32;
    %cmpi/e 0, 0, 32;
    %jmp/0xz  T_1.16, 4;
    %pushi/vec4 0, 0, 2;
    %store/vec4 v000001bab02ce8e0_0, 0, 2;
T_1.16 ;
    %jmp T_1.15;
T_1.14 ;
    %pushi/vec4 2, 0, 2;
    %store/vec4 v000001bab02ce8e0_0, 0, 2;
T_1.15 ;
    %jmp T_1.5;
T_1.5 ;
    %pop/vec4 1;
    %jmp T_1;
    .thread T_1, $push;
# The file index is used to find the file name in the following table.
:file_names 3;
    "N/A";
    "<interactive>";
    "debounce.v";
