#! /c/Source/iverilog-install/bin/vvp
:ivl_version "12.0 (devel)" "(s20150603-1110-g18392a46)";
:ivl_delay_selection "TYPICAL";
:vpi_time_precision + 0;
:vpi_module "C:\iverilog\lib\ivl\system.vpi";
:vpi_module "C:\iverilog\lib\ivl\vhdl_sys.vpi";
:vpi_module "C:\iverilog\lib\ivl\vhdl_textio.vpi";
:vpi_module "C:\iverilog\lib\ivl\v2005_math.vpi";
:vpi_module "C:\iverilog\lib\ivl\va_math.vpi";
S_000002b05dd12ce0 .scope module, "db_circuit" "db_circuit" 2 1;
 .timescale 0 0;
    .port_info 0 /INPUT 1 "clk";
    .port_info 1 /INPUT 1 "reset";
    .port_info 2 /INPUT 1 "sw";
    .port_info 3 /OUTPUT 1 "db";
P_000002b05dd12e70 .param/l "N" 1 2 18, +C4<00000000000000000000000000010011>;
P_000002b05dd12ea8 .param/l "one" 1 2 12, C4<100>;
P_000002b05dd12ee0 .param/l "wait0_1" 1 2 13, C4<101>;
P_000002b05dd12f18 .param/l "wait0_2" 1 2 14, C4<110>;
P_000002b05dd12f50 .param/l "wait0_3" 1 2 15, C4<111>;
P_000002b05dd12f88 .param/l "wait1_1" 1 2 9, C4<001>;
P_000002b05dd12fc0 .param/l "wait1_2" 1 2 10, C4<010>;
P_000002b05dd12ff8 .param/l "wait1_3" 1 2 11, C4<011>;
P_000002b05dd13030 .param/l "zero" 1 2 8, C4<000>;
L_000002b05dd9a838 .functor BUFT 1, C4<0000000000000000001>, C4<0>, C4<0>, C4<0>;
v000002b05dd13070_0 .net/2u *"_ivl_0", 18 0, L_000002b05dd9a838;  1 drivers
v000002b05dd13110_0 .net *"_ivl_10", 0 0, L_000002b05dd99870;  1 drivers
L_000002b05dd9a910 .functor BUFT 1, C4<1>, C4<0>, C4<0>, C4<0>;
v000002b05defbd20_0 .net/2u *"_ivl_12", 0 0, L_000002b05dd9a910;  1 drivers
L_000002b05dd9a958 .functor BUFT 1, C4<0>, C4<0>, C4<0>, C4<0>;
v000002b05defbdc0_0 .net/2u *"_ivl_14", 0 0, L_000002b05dd9a958;  1 drivers
v000002b05dd99910_0 .net *"_ivl_4", 31 0, L_000002b05dd9a6d0;  1 drivers
L_000002b05dd9a880 .functor BUFT 1, C4<0000000000000>, C4<0>, C4<0>, C4<0>;
v000002b05dd9a590_0 .net *"_ivl_7", 12 0, L_000002b05dd9a880;  1 drivers
L_000002b05dd9a8c8 .functor BUFT 1, C4<00000000000000000000000000000000>, C4<0>, C4<0>, C4<0>;
v000002b05dd99af0_0 .net/2u *"_ivl_8", 31 0, L_000002b05dd9a8c8;  1 drivers
o000002b05dd4d108 .functor BUFZ 1, C4<z>; HiZ drive
v000002b05dd9a450_0 .net "clk", 0 0, o000002b05dd4d108;  0 drivers
v000002b05dd99b90_0 .var "db", 0 0;
v000002b05dd9a3b0_0 .net "m_tick", 0 0, L_000002b05dd99eb0;  1 drivers
v000002b05dd99c30_0 .net "q_next", 18 0, L_000002b05dd9a770;  1 drivers
v000002b05dd9a270_0 .var "q_reg", 18 0;
o000002b05dd4d1f8 .functor BUFZ 1, C4<z>; HiZ drive
v000002b05dd9a630_0 .net "reset", 0 0, o000002b05dd4d1f8;  0 drivers
v000002b05dd9a310_0 .var "state_next", 2 0;
v000002b05dd9a4f0_0 .var "state_reg", 2 0;
o000002b05dd4d288 .functor BUFZ 1, C4<z>; HiZ drive
v000002b05dd99ff0_0 .net "sw", 0 0, o000002b05dd4d288;  0 drivers
E_000002b05def86d0 .event anyedge, v000002b05dd9a4f0_0, v000002b05dd99ff0_0, v000002b05dd9a3b0_0;
E_000002b05def8450 .event posedge, v000002b05dd9a630_0, v000002b05dd9a450_0;
E_000002b05def7f10 .event posedge, v000002b05dd9a450_0;
L_000002b05dd9a770 .arith/sum 19, v000002b05dd9a270_0, L_000002b05dd9a838;
L_000002b05dd9a6d0 .concat [ 19 13 0 0], v000002b05dd9a270_0, L_000002b05dd9a880;
L_000002b05dd99870 .cmp/eq 32, L_000002b05dd9a6d0, L_000002b05dd9a8c8;
L_000002b05dd99eb0 .functor MUXZ 1, L_000002b05dd9a958, L_000002b05dd9a910, L_000002b05dd99870, C4<>;
    .scope S_000002b05dd12ce0;
T_0 ;
    %wait E_000002b05def7f10;
    %load/vec4 v000002b05dd99c30_0;
    %assign/vec4 v000002b05dd9a270_0, 0;
    %jmp T_0;
    .thread T_0;
    .scope S_000002b05dd12ce0;
T_1 ;
    %wait E_000002b05def8450;
    %load/vec4 v000002b05dd9a630_0;
    %flag_set/vec4 8;
    %jmp/0xz  T_1.0, 8;
    %pushi/vec4 0, 0, 3;
    %assign/vec4 v000002b05dd9a4f0_0, 0;
    %jmp T_1.1;
T_1.0 ;
    %load/vec4 v000002b05dd9a310_0;
    %assign/vec4 v000002b05dd9a4f0_0, 0;
T_1.1 ;
    %jmp T_1;
    .thread T_1;
    .scope S_000002b05dd12ce0;
T_2 ;
    %wait E_000002b05def86d0;
    %load/vec4 v000002b05dd9a4f0_0;
    %store/vec4 v000002b05dd9a310_0, 0, 3;
    %pushi/vec4 0, 0, 1;
    %store/vec4 v000002b05dd99b90_0, 0, 1;
    %load/vec4 v000002b05dd9a4f0_0;
    %dup/vec4;
    %pushi/vec4 0, 0, 3;
    %cmp/u;
    %jmp/1 T_2.0, 6;
    %dup/vec4;
    %pushi/vec4 1, 0, 3;
    %cmp/u;
    %jmp/1 T_2.1, 6;
    %dup/vec4;
    %pushi/vec4 2, 0, 3;
    %cmp/u;
    %jmp/1 T_2.2, 6;
    %dup/vec4;
    %pushi/vec4 3, 0, 3;
    %cmp/u;
    %jmp/1 T_2.3, 6;
    %dup/vec4;
    %pushi/vec4 4, 0, 3;
    %cmp/u;
    %jmp/1 T_2.4, 6;
    %dup/vec4;
    %pushi/vec4 5, 0, 3;
    %cmp/u;
    %jmp/1 T_2.5, 6;
    %dup/vec4;
    %pushi/vec4 6, 0, 3;
    %cmp/u;
    %jmp/1 T_2.6, 6;
    %dup/vec4;
    %pushi/vec4 7, 0, 3;
    %cmp/u;
    %jmp/1 T_2.7, 6;
    %pushi/vec4 0, 0, 3;
    %store/vec4 v000002b05dd9a310_0, 0, 3;
    %jmp T_2.9;
T_2.0 ;
    %load/vec4 v000002b05dd99ff0_0;
    %flag_set/vec4 8;
    %jmp/0xz  T_2.10, 8;
    %pushi/vec4 1, 0, 3;
    %store/vec4 v000002b05dd9a310_0, 0, 3;
T_2.10 ;
    %jmp T_2.9;
T_2.1 ;
    %load/vec4 v000002b05dd99ff0_0;
    %inv;
    %flag_set/vec4 8;
    %jmp/0xz  T_2.12, 8;
    %pushi/vec4 0, 0, 3;
    %store/vec4 v000002b05dd9a310_0, 0, 3;
    %jmp T_2.13;
T_2.12 ;
    %load/vec4 v000002b05dd9a3b0_0;
    %flag_set/vec4 8;
    %jmp/0xz  T_2.14, 8;
    %pushi/vec4 2, 0, 3;
    %store/vec4 v000002b05dd9a310_0, 0, 3;
T_2.14 ;
T_2.13 ;
    %jmp T_2.9;
T_2.2 ;
    %load/vec4 v000002b05dd99ff0_0;
    %inv;
    %flag_set/vec4 8;
    %jmp/0xz  T_2.16, 8;
    %pushi/vec4 0, 0, 3;
    %store/vec4 v000002b05dd9a310_0, 0, 3;
    %jmp T_2.17;
T_2.16 ;
    %load/vec4 v000002b05dd9a3b0_0;
    %flag_set/vec4 8;
    %jmp/0xz  T_2.18, 8;
    %pushi/vec4 3, 0, 3;
    %store/vec4 v000002b05dd9a310_0, 0, 3;
T_2.18 ;
T_2.17 ;
    %jmp T_2.9;
T_2.3 ;
    %load/vec4 v000002b05dd99ff0_0;
    %inv;
    %flag_set/vec4 8;
    %jmp/0xz  T_2.20, 8;
    %pushi/vec4 0, 0, 3;
    %store/vec4 v000002b05dd9a310_0, 0, 3;
    %jmp T_2.21;
T_2.20 ;
    %load/vec4 v000002b05dd9a3b0_0;
    %flag_set/vec4 8;
    %jmp/0xz  T_2.22, 8;
    %pushi/vec4 4, 0, 3;
    %store/vec4 v000002b05dd9a310_0, 0, 3;
T_2.22 ;
T_2.21 ;
    %jmp T_2.9;
T_2.4 ;
    %pushi/vec4 1, 0, 1;
    %store/vec4 v000002b05dd99b90_0, 0, 1;
    %load/vec4 v000002b05dd99ff0_0;
    %inv;
    %flag_set/vec4 8;
    %jmp/0xz  T_2.24, 8;
    %pushi/vec4 5, 0, 3;
    %store/vec4 v000002b05dd9a310_0, 0, 3;
T_2.24 ;
    %jmp T_2.9;
T_2.5 ;
    %pushi/vec4 1, 0, 1;
    %store/vec4 v000002b05dd99b90_0, 0, 1;
    %load/vec4 v000002b05dd99ff0_0;
    %flag_set/vec4 8;
    %jmp/0xz  T_2.26, 8;
    %pushi/vec4 4, 0, 3;
    %store/vec4 v000002b05dd9a310_0, 0, 3;
    %jmp T_2.27;
T_2.26 ;
    %load/vec4 v000002b05dd9a3b0_0;
    %flag_set/vec4 8;
    %jmp/0xz  T_2.28, 8;
    %pushi/vec4 6, 0, 3;
    %store/vec4 v000002b05dd9a310_0, 0, 3;
T_2.28 ;
T_2.27 ;
    %jmp T_2.9;
T_2.6 ;
    %pushi/vec4 1, 0, 1;
    %store/vec4 v000002b05dd99b90_0, 0, 1;
    %load/vec4 v000002b05dd99ff0_0;
    %flag_set/vec4 8;
    %jmp/0xz  T_2.30, 8;
    %pushi/vec4 4, 0, 3;
    %store/vec4 v000002b05dd9a310_0, 0, 3;
    %jmp T_2.31;
T_2.30 ;
    %load/vec4 v000002b05dd9a3b0_0;
    %flag_set/vec4 8;
    %jmp/0xz  T_2.32, 8;
    %pushi/vec4 7, 0, 3;
    %store/vec4 v000002b05dd9a310_0, 0, 3;
T_2.32 ;
T_2.31 ;
    %jmp T_2.9;
T_2.7 ;
    %pushi/vec4 1, 0, 1;
    %store/vec4 v000002b05dd99b90_0, 0, 1;
    %load/vec4 v000002b05dd99ff0_0;
    %flag_set/vec4 8;
    %jmp/0xz  T_2.34, 8;
    %pushi/vec4 4, 0, 3;
    %store/vec4 v000002b05dd9a310_0, 0, 3;
    %jmp T_2.35;
T_2.34 ;
    %load/vec4 v000002b05dd9a3b0_0;
    %flag_set/vec4 8;
    %jmp/0xz  T_2.36, 8;
    %pushi/vec4 0, 0, 3;
    %store/vec4 v000002b05dd9a310_0, 0, 3;
T_2.36 ;
T_2.35 ;
    %jmp T_2.9;
T_2.9 ;
    %pop/vec4 1;
    %jmp T_2;
    .thread T_2, $push;
# The file index is used to find the file name in the following table.
:file_names 3;
    "N/A";
    "<interactive>";
    "db_circuit.v";
